<?xml version="1.0" encoding="UTF-8"?>
<!-- Generated by org.testng.reporters.JUnitReportReporter -->
<testsuite hostname="Kurama-NineTails" failures="0" tests="1" name="org.Automation.Test.Logintest$LoginTest" time="17.884" errors="0" timestamp="07 Dec 2021 12:35:38 GMT" skipped="0">
  <testcase classname="org.Automation.Test.Logintest$LoginTest" name="VerifyLogin" time="17.884"/>
</testsuite> <!-- org.Automation.Test.Logintest$LoginTest -->
